00:00:00.002012 main     VirtualBox COM Server 7.2.0 r170228 win.amd64 (Aug 13 2025 21:53:30) release log
00:00:00.002016 main     Log opened 2025-08-18T16:47:43.216889600Z
00:00:00.002017 main     Build Type: release
00:00:00.002020 main     OS Product: Windows 11
00:00:00.002065 main     OS Release: 10.0.26100.4946
00:00:00.002065 main     OS Service Pack: 
00:00:00.064359 main     DMI Product Name: EQ
00:00:00.074133 main     DMI Product Version: Default string
00:00:00.074138 main     Firmware type: UEFI
00:00:00.074511 main     Secure Boot: Disabled
00:00:00.074530 main     Host RAM: 28594MB (27.9GB) total, 16786MB (16.3GB) available
00:00:00.074535 main     Executable: C:\Program Files\Oracle\VirtualBox\VBoxSVC.exe
00:00:00.074535 main     Process ID: 23580
00:00:00.074536 main     Package type: WINDOWS_64BITS_GENERIC
00:00:00.074538 main     Windows Features:
00:00:00.074539 main       Core Isolation (Memory Integrity): ENABLED
00:00:00.080322          VirtualBox: object creation starts
00:00:00.080495          Home directory: 'C:\Users\Emmanuel Nimoh\.VirtualBox'
00:00:00.080732          Installed Drivers:
00:00:00.086684          Loading settings file "C:\Users\Emmanuel Nimoh\.VirtualBox\VirtualBox.xml" with version "1.12-windows"
00:00:00.088494          usbLibGetDevices: Starting USB device enumeration
00:00:00.103081          Getting USB descriptor (id 0) failed (dwErr=31) on hub USB#ROOT_HUB30#5&64ae7e1&0&0#{f18a0e88-c30c-11d0-8815-00a0c906bed8} port 3
00:00:00.105184          usbLibGetDevices: Found 4 USB devices, 0 captured
00:00:00.105286          USB: Unknown USB device detected (idVendor: 0x8087, idProduct: 0x0029)
00:00:00.189178          HostDnsMonitor: initializing
00:00:00.200145          HostDnsMonitor: updating information
00:00:00.200167          HostDnsMonitor: old information
00:00:00.200167            no server entries
00:00:00.200168            no domain set
00:00:00.200168            no search string entries
00:00:00.200170          HostDnsMonitor: new information
00:00:00.200170            server 1: 216.68.4.10
00:00:00.200171            server 2: 216.68.5.10
00:00:00.200171            no domain set
00:00:00.200172            no search string entries
00:00:00.201866          VD: VDInit finished with VINF_SUCCESS
00:00:00.289086          OCI: Local config file 'C:\Users\Emmanuel Nimoh\.VirtualBox\oci_config' does not exist
00:00:00.289171          OCI: Original config file 'C:\Users\Emmanuel Nimoh\.oci\config' does not exist
00:00:00.289173          OCI: Reading profiles finished with status ERROR_SUCCESS
00:00:00.289189          ExtPack: Created cloud provider 'OCI' (hrc=ERROR_SUCCESS)
00:00:00.289292          VirtualBox: object created
00:00:00.807825          Saving settings file "C:\Users\Emmanuel Nimoh\.VirtualBox\VirtualBox.xml" with version "1.12-windows"
00:00:00.812956          Finished saving settings file "C:\Users\Emmanuel Nimoh\.VirtualBox\VirtualBox.xml"
00:00:00.813142          Saving settings file "C:\Users\Emmanuel Nimoh\.VirtualBox\VirtualBox.xml" with version "1.12-windows"
00:00:00.816263          Finished saving settings file "C:\Users\Emmanuel Nimoh\.VirtualBox\VirtualBox.xml"
00:00:00.816449          Saving settings file "C:\Users\Emmanuel Nimoh\.VirtualBox\VirtualBox.xml" with version "1.12-windows"
00:00:00.819941          Finished saving settings file "C:\Users\Emmanuel Nimoh\.VirtualBox\VirtualBox.xml"
00:00:29.506989          Saving settings file "C:\Users\Emmanuel Nimoh\.VirtualBox\VirtualBox.xml" with version "1.12-windows"
00:00:29.510902          Finished saving settings file "C:\Users\Emmanuel Nimoh\.VirtualBox\VirtualBox.xml"
00:00:35.259607          Saving settings file "C:\Users\Emmanuel Nimoh\.VirtualBox\VirtualBox.xml" with version "1.12-windows"
00:00:35.263833          Finished saving settings file "C:\Users\Emmanuel Nimoh\.VirtualBox\VirtualBox.xml"
00:00:35.264463          Saving settings file "C:\Users\Emmanuel Nimoh\.VirtualBox\VirtualBox.xml" with version "1.12-windows"
00:00:35.267393          Finished saving settings file "C:\Users\Emmanuel Nimoh\.VirtualBox\VirtualBox.xml"
00:00:35.268051          Saving settings file "C:\Users\Emmanuel Nimoh\.VirtualBox\VirtualBox.xml" with version "1.12-windows"
00:00:35.271063          Finished saving settings file "C:\Users\Emmanuel Nimoh\.VirtualBox\VirtualBox.xml"
00:00:35.271737          Saving settings file "C:\Users\Emmanuel Nimoh\.VirtualBox\VirtualBox.xml" with version "1.12-windows"
00:00:35.275022          Finished saving settings file "C:\Users\Emmanuel Nimoh\.VirtualBox\VirtualBox.xml"
00:00:35.275742          Saving settings file "C:\Users\Emmanuel Nimoh\.VirtualBox\VirtualBox.xml" with version "1.12-windows"
00:00:35.278924          Finished saving settings file "C:\Users\Emmanuel Nimoh\.VirtualBox\VirtualBox.xml"
00:12:34.733722          Saving settings file "C:\Users\Emmanuel Nimoh\.VirtualBox\VirtualBox.xml" with version "1.12-windows"
00:12:34.766138          Finished saving settings file "C:\Users\Emmanuel Nimoh\.VirtualBox\VirtualBox.xml"
00:12:55.430791 USBPROXY usbLibGetDevices: Starting USB device enumeration
00:12:55.447812 USBPROXY usbLibGetDevices: Found 4 USB devices, 0 captured
00:12:55.683336 SVCHelper Saving settings file "C:\Users\Emmanuel Nimoh\.VirtualBox\VirtualBox.xml" with version "1.12-windows"
00:12:55.688504 SVCHelper Finished saving settings file "C:\Users\Emmanuel Nimoh\.VirtualBox\VirtualBox.xml"
00:12:55.689271 SVCHelper Saving settings file "C:\Users\Emmanuel Nimoh\.VirtualBox\VirtualBox.xml" with version "1.12-windows"
00:12:55.692769 SVCHelper Finished saving settings file "C:\Users\Emmanuel Nimoh\.VirtualBox\VirtualBox.xml"
00:12:55.693534 SVCHelper Saving settings file "C:\Users\Emmanuel Nimoh\.VirtualBox\VirtualBox.xml" with version "1.12-windows"
00:12:55.696965 SVCHelper Finished saving settings file "C:\Users\Emmanuel Nimoh\.VirtualBox\VirtualBox.xml"
00:12:55.697709 SVCHelper Saving settings file "C:\Users\Emmanuel Nimoh\.VirtualBox\VirtualBox.xml" with version "1.12-windows"
00:12:55.701418 SVCHelper Finished saving settings file "C:\Users\Emmanuel Nimoh\.VirtualBox\VirtualBox.xml"
00:12:55.702115 SVCHelper Saving settings file "C:\Users\Emmanuel Nimoh\.VirtualBox\VirtualBox.xml" with version "1.12-windows"
00:12:55.705715 SVCHelper Finished saving settings file "C:\Users\Emmanuel Nimoh\.VirtualBox\VirtualBox.xml"
00:12:55.708192          Saving settings file "C:\Users\Emmanuel Nimoh\.VirtualBox\VirtualBox.xml" with version "1.12-windows"
00:12:55.711673          Finished saving settings file "C:\Users\Emmanuel Nimoh\.VirtualBox\VirtualBox.xml"
00:12:55.711742          Saving settings file "C:\Users\Emmanuel Nimoh\.VirtualBox\VirtualBox.xml" with version "1.12-windows"
00:12:55.714922          Finished saving settings file "C:\Users\Emmanuel Nimoh\.VirtualBox\VirtualBox.xml"
00:12:56.453640 dns-monitor HostDnsMonitor: updating information
00:12:56.453669 dns-monitor HostDnsMonitor: unchanged
00:13:06.618124 dns-monitor HostDnsMonitor: updating information
00:13:06.618141 dns-monitor HostDnsMonitor: unchanged
00:13:25.367748          Saving settings file "C:\Users\Emmanuel Nimoh\.VirtualBox\VirtualBox.xml" with version "1.12-windows"
00:13:25.371878          Finished saving settings file "C:\Users\Emmanuel Nimoh\.VirtualBox\VirtualBox.xml"
00:13:33.181393          Saving settings file "C:\Users\Emmanuel Nimoh\.VirtualBox\VirtualBox.xml" with version "1.12-windows"
00:13:33.185457          Finished saving settings file "C:\Users\Emmanuel Nimoh\.VirtualBox\VirtualBox.xml"
00:13:33.239990          Saving settings file "C:\Users\Emmanuel Nimoh\.VirtualBox\VirtualBox.xml" with version "1.12-windows"
00:13:33.243344          Finished saving settings file "C:\Users\Emmanuel Nimoh\.VirtualBox\VirtualBox.xml"
00:13:33.244128          Saving settings file "C:\Users\Emmanuel Nimoh\.VirtualBox\VirtualBox.xml" with version "1.12-windows"
00:13:33.247966          Finished saving settings file "C:\Users\Emmanuel Nimoh\.VirtualBox\VirtualBox.xml"
00:13:33.248750          Saving settings file "C:\Users\Emmanuel Nimoh\.VirtualBox\VirtualBox.xml" with version "1.12-windows"
00:13:33.252032          Finished saving settings file "C:\Users\Emmanuel Nimoh\.VirtualBox\VirtualBox.xml"
00:13:33.252748          Saving settings file "C:\Users\Emmanuel Nimoh\.VirtualBox\VirtualBox.xml" with version "1.12-windows"
00:13:33.256328          Finished saving settings file "C:\Users\Emmanuel Nimoh\.VirtualBox\VirtualBox.xml"
00:13:33.257148          Saving settings file "C:\Users\Emmanuel Nimoh\.VirtualBox\VirtualBox.xml" with version "1.12-windows"
00:13:33.260823          Finished saving settings file "C:\Users\Emmanuel Nimoh\.VirtualBox\VirtualBox.xml"
00:13:36.261624 USBPROXY usbLibGetDevices: Starting USB device enumeration
00:13:36.278899 USBPROXY usbLibGetDevices: Found 4 USB devices, 0 captured
00:14:07.913975 USBPROXY usbLibGetDevices: Starting USB device enumeration
00:14:07.929785 USBPROXY usbLibGetDevices: Found 4 USB devices, 0 captured
00:14:08.129886 SVCHelper Saving settings file "C:\Users\Emmanuel Nimoh\.VirtualBox\VirtualBox.xml" with version "1.12-windows"
00:14:08.133773 SVCHelper Finished saving settings file "C:\Users\Emmanuel Nimoh\.VirtualBox\VirtualBox.xml"
00:14:08.134508 SVCHelper Saving settings file "C:\Users\Emmanuel Nimoh\.VirtualBox\VirtualBox.xml" with version "1.12-windows"
00:14:08.137886 SVCHelper Finished saving settings file "C:\Users\Emmanuel Nimoh\.VirtualBox\VirtualBox.xml"
00:14:08.138583 SVCHelper Saving settings file "C:\Users\Emmanuel Nimoh\.VirtualBox\VirtualBox.xml" with version "1.12-windows"
00:14:08.142216 SVCHelper Finished saving settings file "C:\Users\Emmanuel Nimoh\.VirtualBox\VirtualBox.xml"
00:14:08.143071 SVCHelper Saving settings file "C:\Users\Emmanuel Nimoh\.VirtualBox\VirtualBox.xml" with version "1.12-windows"
00:14:08.146714 SVCHelper Finished saving settings file "C:\Users\Emmanuel Nimoh\.VirtualBox\VirtualBox.xml"
00:14:08.147542 SVCHelper Saving settings file "C:\Users\Emmanuel Nimoh\.VirtualBox\VirtualBox.xml" with version "1.12-windows"
00:14:08.151484 SVCHelper Finished saving settings file "C:\Users\Emmanuel Nimoh\.VirtualBox\VirtualBox.xml"
00:14:08.153652          Saving settings file "C:\Users\Emmanuel Nimoh\.VirtualBox\VirtualBox.xml" with version "1.12-windows"
00:14:08.157205          Finished saving settings file "C:\Users\Emmanuel Nimoh\.VirtualBox\VirtualBox.xml"
00:14:08.157294          Saving settings file "C:\Users\Emmanuel Nimoh\.VirtualBox\VirtualBox.xml" with version "1.12-windows"
00:14:08.160528          Finished saving settings file "C:\Users\Emmanuel Nimoh\.VirtualBox\VirtualBox.xml"
00:14:09.385007 dns-monitor HostDnsMonitor: updating information
00:14:09.385037 dns-monitor HostDnsMonitor: unchanged
00:14:57.362326          Saving settings file "C:\Users\Emmanuel Nimoh\.VirtualBox\VirtualBox.xml" with version "1.12-windows"
00:14:57.368022          Finished saving settings file "C:\Users\Emmanuel Nimoh\.VirtualBox\VirtualBox.xml"
00:47:11.044749          Saving settings file "C:\Users\Emmanuel Nimoh\.VirtualBox\VirtualBox.xml" with version "1.12-windows"
00:47:11.047828          Finished saving settings file "C:\Users\Emmanuel Nimoh\.VirtualBox\VirtualBox.xml"
00:47:11.105369          Saving settings file "C:\Users\Emmanuel Nimoh\.VirtualBox\VirtualBox.xml" with version "1.12-windows"
00:47:11.107876          Finished saving settings file "C:\Users\Emmanuel Nimoh\.VirtualBox\VirtualBox.xml"
00:47:11.108327          Saving settings file "C:\Users\Emmanuel Nimoh\.VirtualBox\VirtualBox.xml" with version "1.12-windows"
00:47:11.110246          Finished saving settings file "C:\Users\Emmanuel Nimoh\.VirtualBox\VirtualBox.xml"
00:47:11.110938          Saving settings file "C:\Users\Emmanuel Nimoh\.VirtualBox\VirtualBox.xml" with version "1.12-windows"
00:47:11.113179          Finished saving settings file "C:\Users\Emmanuel Nimoh\.VirtualBox\VirtualBox.xml"
00:47:11.113889          Saving settings file "C:\Users\Emmanuel Nimoh\.VirtualBox\VirtualBox.xml" with version "1.12-windows"
00:47:11.116244          Finished saving settings file "C:\Users\Emmanuel Nimoh\.VirtualBox\VirtualBox.xml"
00:47:11.116957          Saving settings file "C:\Users\Emmanuel Nimoh\.VirtualBox\VirtualBox.xml" with version "1.12-windows"
00:47:11.119400          Finished saving settings file "C:\Users\Emmanuel Nimoh\.VirtualBox\VirtualBox.xml"
00:47:13.638143 USBPROXY usbLibGetDevices: Starting USB device enumeration
00:47:13.655351 USBPROXY usbLibGetDevices: Found 4 USB devices, 0 captured
00:52:32.171325          Saving settings file "C:\Users\Emmanuel Nimoh\.VirtualBox\VirtualBox.xml" with version "1.14-windows"
00:52:32.174412          Finished saving settings file "C:\Users\Emmanuel Nimoh\.VirtualBox\VirtualBox.xml"
00:52:32.176259          Saving settings file "C:\Users\Emmanuel Nimoh\.VirtualBox\VirtualBox.xml" with version "1.14-windows"
00:52:32.178597          Finished saving settings file "C:\Users\Emmanuel Nimoh\.VirtualBox\VirtualBox.xml"
01:03:30.213710 USBPROXY usbLibGetDevices: Starting USB device enumeration
01:03:30.231640 USBPROXY usbLibGetDevices: Found 4 USB devices, 0 captured
01:04:04.805146          Unattended: .disk/info: Unknown: diskname='Kali GNU/Linux 2025.2rc1 "Kali-last-snapshot"'
01:04:04.815134          Saving settings file "C:\Users\Emmanuel Nimoh\.VirtualBox\VirtualBox.xml" with version "1.14-windows"
01:04:04.818933          Finished saving settings file "C:\Users\Emmanuel Nimoh\.VirtualBox\VirtualBox.xml"
01:04:04.819815          Saving settings file "C:\Users\Emmanuel Nimoh\.VirtualBox\VirtualBox.xml" with version "1.14-windows"
01:04:04.823416          Finished saving settings file "C:\Users\Emmanuel Nimoh\.VirtualBox\VirtualBox.xml"
01:05:07.000939 createBase Saving settings file "C:\Users\Emmanuel Nimoh\.VirtualBox\VirtualBox.xml" with version "1.14-windows"
01:05:07.004976 createBase Finished saving settings file "C:\Users\Emmanuel Nimoh\.VirtualBox\VirtualBox.xml"
01:05:07.009481          Platform architecture set to 'x86'
01:05:07.009726          Platform architecture set to 'x86'
01:05:07.009739          Platform architecture set to 'x86'
01:05:07.010535          Platform architecture set to 'x86'
01:05:07.011716          Saving settings file "C:\Users\Emmanuel Nimoh\VirtualBox VMs\Kali\Kali.vbox" with version "1.19-windows"
01:05:07.014994          Finished saving settings file "C:\Users\Emmanuel Nimoh\VirtualBox VMs\Kali\Kali.vbox"
01:05:07.015215          Saving settings file "C:\Users\Emmanuel Nimoh\.VirtualBox\VirtualBox.xml" with version "1.14-windows"
01:05:07.018564          Finished saving settings file "C:\Users\Emmanuel Nimoh\.VirtualBox\VirtualBox.xml"
01:05:07.021063          Platform architecture set to 'x86'
01:05:07.022787          Saving settings file "C:\Users\Emmanuel Nimoh\.VirtualBox\VirtualBox.xml" with version "1.14-windows"
01:05:07.026403          Finished saving settings file "C:\Users\Emmanuel Nimoh\.VirtualBox\VirtualBox.xml"
01:05:07.026930          Saving settings file "C:\Users\Emmanuel Nimoh\VirtualBox VMs\Kali\Kali.vbox" with version "1.19-windows"
01:05:07.030328          Finished saving settings file "C:\Users\Emmanuel Nimoh\VirtualBox VMs\Kali\Kali.vbox"
01:05:07.036590          Saving settings file "C:\Users\Emmanuel Nimoh\.VirtualBox\VirtualBox.xml" with version "1.14-windows"
01:05:07.040207          Finished saving settings file "C:\Users\Emmanuel Nimoh\.VirtualBox\VirtualBox.xml"
01:05:07.040559          Saving settings file "C:\Users\Emmanuel Nimoh\VirtualBox VMs\Kali\Kali.vbox" with version "1.19-windows"
01:05:07.044291          Finished saving settings file "C:\Users\Emmanuel Nimoh\VirtualBox VMs\Kali\Kali.vbox"
01:05:07.044851          Saving settings file "C:\Users\Emmanuel Nimoh\VirtualBox VMs\Kali\Kali.vbox" with version "1.19-windows"
01:05:07.048516          Finished saving settings file "C:\Users\Emmanuel Nimoh\VirtualBox VMs\Kali\Kali.vbox"
01:05:07.088516          ERROR [COM]: aRC=VBOX_E_OBJECT_NOT_FOUND (0x80bb0001) aIID={5bfd8965-b81b-469f-8649-f717ce97a5d5} aComponent={NvramStoreWrap} aText={The UEFI NVRAM file is not existing for this machine}, preserve=false aResultDetail=0
01:05:07.164594          ERROR [COM]: aRC=VBOX_E_INVALID_VM_STATE (0x80bb0002) aIID={e36a5081-a82a-40bd-9e4e-42a44d6ce50f} aComponent={MachineWrap} aText={The machine is not mutable, saved or running (state is PoweredOff)}, preserve=false aResultDetail=0
01:05:56.296135          Saving settings file "C:\Users\Emmanuel Nimoh\.VirtualBox\VirtualBox.xml" with version "1.14-windows"
01:05:56.301590          Finished saving settings file "C:\Users\Emmanuel Nimoh\.VirtualBox\VirtualBox.xml"
01:05:56.301723          Saving settings file "C:\Users\Emmanuel Nimoh\.VirtualBox\VirtualBox.xml" with version "1.14-windows"
01:05:56.305956          Finished saving settings file "C:\Users\Emmanuel Nimoh\.VirtualBox\VirtualBox.xml"
01:05:56.308980 DeleteVM Saving settings file "C:\Users\Emmanuel Nimoh\.VirtualBox\VirtualBox.xml" with version "1.14-windows"
01:05:56.312623 DeleteVM Finished saving settings file "C:\Users\Emmanuel Nimoh\.VirtualBox\VirtualBox.xml"
01:05:56.314415          ERROR [COM]: aRC=VBOX_E_OBJECT_NOT_FOUND (0x80bb0001) aIID={2ce10519-3c09-45d8-a12d-e887786146b7} aComponent={VirtualBoxWrap} aText={Could not find a registered machine with UUID {da2b70dd-e36e-41c4-ac16-f337fc2dafba}}, preserve=false aResultDetail=0
01:06:06.259042          Saving settings file "C:\Users\Emmanuel Nimoh\.VirtualBox\VirtualBox.xml" with version "1.14-windows"
01:06:06.264231          Finished saving settings file "C:\Users\Emmanuel Nimoh\.VirtualBox\VirtualBox.xml"
01:06:06.264445          Saving settings file "C:\Users\Emmanuel Nimoh\.VirtualBox\VirtualBox.xml" with version "1.14-windows"
01:06:06.267515          Finished saving settings file "C:\Users\Emmanuel Nimoh\.VirtualBox\VirtualBox.xml"
01:06:06.267777          Saving settings file "C:\Users\Emmanuel Nimoh\.VirtualBox\VirtualBox.xml" with version "1.14-windows"
01:06:06.271149          Finished saving settings file "C:\Users\Emmanuel Nimoh\.VirtualBox\VirtualBox.xml"
01:06:24.874049          Unattended: .disk/info: Unknown: diskname='Kali GNU/Linux 2025.2rc1 "Kali-last-snapshot"'
01:12:02.569497 createBase Saving settings file "C:\Users\Emmanuel Nimoh\.VirtualBox\VirtualBox.xml" with version "1.14-windows"
01:12:02.580140 createBase Finished saving settings file "C:\Users\Emmanuel Nimoh\.VirtualBox\VirtualBox.xml"
01:12:02.586570          Platform architecture set to 'x86'
01:12:02.586763          Platform architecture set to 'x86'
01:12:02.586787          Platform architecture set to 'x86'
01:12:02.587618          Platform architecture set to 'x86'
01:12:02.588722          Saving settings file "C:\Users\Emmanuel Nimoh\VirtualBox VMs\Kali\Kali.vbox" with version "1.19-windows"
01:12:02.591686          Finished saving settings file "C:\Users\Emmanuel Nimoh\VirtualBox VMs\Kali\Kali.vbox"
01:12:02.591862          Saving settings file "C:\Users\Emmanuel Nimoh\.VirtualBox\VirtualBox.xml" with version "1.14-windows"
01:12:02.595304          Finished saving settings file "C:\Users\Emmanuel Nimoh\.VirtualBox\VirtualBox.xml"
01:12:02.597275          Platform architecture set to 'x86'
01:12:02.598536          Saving settings file "C:\Users\Emmanuel Nimoh\.VirtualBox\VirtualBox.xml" with version "1.14-windows"
01:12:02.601784          Finished saving settings file "C:\Users\Emmanuel Nimoh\.VirtualBox\VirtualBox.xml"
01:12:02.602694          Saving settings file "C:\Users\Emmanuel Nimoh\VirtualBox VMs\Kali\Kali.vbox" with version "1.19-windows"
01:12:02.605769          Finished saving settings file "C:\Users\Emmanuel Nimoh\VirtualBox VMs\Kali\Kali.vbox"
01:12:02.606778          Saving settings file "C:\Users\Emmanuel Nimoh\VirtualBox VMs\Kali\Kali.vbox" with version "1.19-windows"
01:12:02.609707          Finished saving settings file "C:\Users\Emmanuel Nimoh\VirtualBox VMs\Kali\Kali.vbox"
01:12:02.610161          Saving settings file "C:\Users\Emmanuel Nimoh\VirtualBox VMs\Kali\Kali.vbox" with version "1.19-windows"
01:12:02.613344          Finished saving settings file "C:\Users\Emmanuel Nimoh\VirtualBox VMs\Kali\Kali.vbox"
01:12:02.647295          ERROR [COM]: aRC=VBOX_E_OBJECT_NOT_FOUND (0x80bb0001) aIID={5bfd8965-b81b-469f-8649-f717ce97a5d5} aComponent={NvramStoreWrap} aText={The UEFI NVRAM file is not existing for this machine}, preserve=false aResultDetail=0
01:12:02.715422          ERROR [COM]: aRC=VBOX_E_INVALID_VM_STATE (0x80bb0002) aIID={e36a5081-a82a-40bd-9e4e-42a44d6ce50f} aComponent={MachineWrap} aText={The machine is not mutable, saved or running (state is PoweredOff)}, preserve=false aResultDetail=0
01:12:20.281515          Platform architecture set to 'x86'
01:12:20.284027          ERROR [COM]: aRC=VBOX_E_OBJECT_NOT_FOUND (0x80bb0001) aIID={5bfd8965-b81b-469f-8649-f717ce97a5d5} aComponent={NvramStoreWrap} aText={The UEFI NVRAM file is not existing for this machine}, preserve=false aResultDetail=0
01:12:20.521329          ERROR [COM]: aRC=VBOX_E_OBJECT_NOT_FOUND (0x80bb0001) aIID={5bfd8965-b81b-469f-8649-f717ce97a5d5} aComponent={NvramStoreWrap} aText={The UEFI NVRAM file is not existing for this machine}, preserve=false aResultDetail=0
01:12:20.523370          ERROR [COM]: aRC=VBOX_E_INVALID_VM_STATE (0x80bb0002) aIID={e36a5081-a82a-40bd-9e4e-42a44d6ce50f} aComponent={MachineWrap} aText={The machine is not mutable, saved or running (state is PoweredOff)}, preserve=false aResultDetail=0
01:12:39.718494          Platform architecture set to 'x86'
01:12:39.762713          Saving settings file "C:\Users\Emmanuel Nimoh\VirtualBox VMs\Kali\Kali.vbox" with version "1.19-windows"
01:12:39.766290          Finished saving settings file "C:\Users\Emmanuel Nimoh\VirtualBox VMs\Kali\Kali.vbox"
01:12:39.803617          ERROR [COM]: aRC=VBOX_E_OBJECT_NOT_FOUND (0x80bb0001) aIID={5bfd8965-b81b-469f-8649-f717ce97a5d5} aComponent={NvramStoreWrap} aText={The UEFI NVRAM file is not existing for this machine}, preserve=false aResultDetail=0
01:12:39.805881          ERROR [COM]: aRC=VBOX_E_INVALID_VM_STATE (0x80bb0002) aIID={e36a5081-a82a-40bd-9e4e-42a44d6ce50f} aComponent={MachineWrap} aText={The machine is not mutable, saved or running (state is PoweredOff)}, preserve=false aResultDetail=0
01:12:50.243488          Launched VM: 3455240672 pid: 6224 (0x1850) frontend: GUI/Qt name: Kali
01:12:50.271712          ERROR [COM]: aRC=VBOX_E_OBJECT_NOT_FOUND (0x80bb0001) aIID={5bfd8965-b81b-469f-8649-f717ce97a5d5} aComponent={NvramStoreWrap} aText={The UEFI NVRAM file is not existing for this machine}, preserve=false aResultDetail=0
01:12:50.286887          ERROR [COM]: aRC=VBOX_E_INVALID_VM_STATE (0x80bb0002) aIID={e36a5081-a82a-40bd-9e4e-42a44d6ce50f} aComponent={MachineWrap} aText={The machine is not mutable, saved or running (state is PoweredOff)}, preserve=false aResultDetail=0
01:12:54.524197          Platform architecture set to 'x86'
01:12:54.636428          ERROR [COM]: aRC=VBOX_E_OBJECT_NOT_FOUND (0x80bb0001) aIID={5bfd8965-b81b-469f-8649-f717ce97a5d5} aComponent={NvramStoreWrap} aText={The UEFI NVRAM file is not existing for this machine}, preserve=false aResultDetail=0
01:12:54.638667          ERROR [COM]: aRC=VBOX_E_INVALID_VM_STATE (0x80bb0002) aIID={e36a5081-a82a-40bd-9e4e-42a44d6ce50f} aComponent={MachineWrap} aText={The machine is not mutable, saved or running (state is PoweredOff)}, preserve=false aResultDetail=0
01:12:55.154253          Load [C:\Program Files\Oracle\VirtualBox\ExtensionPacks\Oracle_VirtualBox_Extension_Pack\win.amd64\VBoxHostWebcam.DLL] vrc=VINF_SUCCESS
01:12:55.352709          ERROR [COM]: aRC=E_FAIL (0x80004005) aIID={83cfdc66-4f20-4569-ad39-8722f7d472b3} aComponent={RecordingSettingsWrap} aText={Recording not started}, preserve=false aResultDetail=0
01:12:56.393400          ERROR [COM]: aRC=E_FAIL (0x80004005) aIID={83cfdc66-4f20-4569-ad39-8722f7d472b3} aComponent={RecordingSettingsWrap} aText={Recording not started}, preserve=false aResultDetail=0
01:12:56.404435          ERROR [COM]: aRC=VBOX_E_INVALID_VM_STATE (0x80bb0002) aIID={e36a5081-a82a-40bd-9e4e-42a44d6ce50f} aComponent={SessionMachine} aText={The machine is not mutable or saved (state is Starting)}, preserve=false aResultDetail=0
01:12:56.419089          ERROR [COM]: aRC=VBOX_E_OBJECT_NOT_FOUND (0x80bb0001) aIID={5bfd8965-b81b-469f-8649-f717ce97a5d5} aComponent={NvramStoreWrap} aText={The UEFI NVRAM file is not existing for this machine}, preserve=false aResultDetail=0
01:12:56.429082          ERROR [COM]: aRC=VBOX_E_INVALID_VM_STATE (0x80bb0002) aIID={e36a5081-a82a-40bd-9e4e-42a44d6ce50f} aComponent={MachineWrap} aText={The machine is not mutable, saved or running (state is Starting)}, preserve=false aResultDetail=0
01:12:56.429945          ERROR [COM]: aRC=VBOX_E_INVALID_VM_STATE (0x80bb0002) aIID={e36a5081-a82a-40bd-9e4e-42a44d6ce50f} aComponent={SessionMachine} aText={The machine is not mutable or saved (state is Starting)}, preserve=false aResultDetail=0
01:12:56.445616 dns-monitor HostDnsMonitor: updating information
01:12:56.445645 dns-monitor HostDnsMonitor: unchanged
01:12:56.626448          NetworkServiceRunning: started 'VBoxNetDHCP.exe', pid 00002d88
01:12:57.340100          ERROR [COM]: aRC=VBOX_E_OBJECT_NOT_FOUND (0x80bb0001) aIID={7d510820-a678-4730-a862-818dcd3fbed0} aComponent={MediumWrap} aText={Property 'CRYPT/KeyId' does not exist}, preserve=false aResultDetail=0
01:12:57.340490          ERROR [COM]: aRC=VBOX_E_OBJECT_NOT_FOUND (0x80bb0001) aIID={7d510820-a678-4730-a862-818dcd3fbed0} aComponent={MediumWrap} aText={Property 'CRYPT/KeyId' does not exist}, preserve=false aResultDetail=0
01:12:57.340901          HostDnsMonitorProxy::GetDomainName: no domain set
01:12:57.340944          HostDnsMonitorProxy::GetNameServers:
01:12:57.340949            name server 1: 216.68.4.10
01:12:57.340953            name server 2: 216.68.5.10
01:12:57.340990          HostDnsMonitorProxy::GetSearchStrings:
01:12:57.340996            no search string entries
01:12:57.368777          ERROR [COM]: aRC=VBOX_E_OBJECT_NOT_FOUND (0x80bb0001) aIID={5bfd8965-b81b-469f-8649-f717ce97a5d5} aComponent={NvramStoreWrap} aText={The UEFI NVRAM file is not existing for this machine}, preserve=false aResultDetail=0
01:12:57.380618          ERROR [COM]: aRC=VBOX_E_INVALID_VM_STATE (0x80bb0002) aIID={e36a5081-a82a-40bd-9e4e-42a44d6ce50f} aComponent={MachineWrap} aText={The machine is not mutable, saved or running (state is Running)}, preserve=false aResultDetail=0
01:12:59.430451          Saving settings file "C:\Users\Emmanuel Nimoh\VirtualBox VMs\Kali\Kali.vbox" with version "1.19-windows"
01:12:59.436194          Finished saving settings file "C:\Users\Emmanuel Nimoh\VirtualBox VMs\Kali\Kali.vbox"
01:12:59.442777          ERROR [COM]: aRC=VBOX_E_OBJECT_NOT_FOUND (0x80bb0001) aIID={5bfd8965-b81b-469f-8649-f717ce97a5d5} aComponent={NvramStoreWrap} aText={The UEFI NVRAM file is not existing for this machine}, preserve=false aResultDetail=0
01:12:59.448960          ERROR [COM]: aRC=VBOX_E_INVALID_VM_STATE (0x80bb0002) aIID={e36a5081-a82a-40bd-9e4e-42a44d6ce50f} aComponent={MachineWrap} aText={The machine is not mutable, saved or running (state is Running)}, preserve=false aResultDetail=0
01:12:59.452096          ERROR [COM]: aRC=E_FAIL (0x80004005) aIID={83cfdc66-4f20-4569-ad39-8722f7d472b3} aComponent={RecordingSettingsWrap} aText={Recording not started}, preserve=false aResultDetail=0
01:13:03.743247          Saving settings file "C:\Users\Emmanuel Nimoh\VirtualBox VMs\Kali\Kali.vbox" with version "1.19-windows"
01:13:03.748584          Finished saving settings file "C:\Users\Emmanuel Nimoh\VirtualBox VMs\Kali\Kali.vbox"
01:13:03.753296          ERROR [COM]: aRC=VBOX_E_OBJECT_NOT_FOUND (0x80bb0001) aIID={5bfd8965-b81b-469f-8649-f717ce97a5d5} aComponent={NvramStoreWrap} aText={The UEFI NVRAM file is not existing for this machine}, preserve=false aResultDetail=0
01:13:03.758510          ERROR [COM]: aRC=VBOX_E_INVALID_VM_STATE (0x80bb0002) aIID={e36a5081-a82a-40bd-9e4e-42a44d6ce50f} aComponent={MachineWrap} aText={The machine is not mutable, saved or running (state is Running)}, preserve=false aResultDetail=0
01:13:08.979128          Saving settings file "C:\Users\Emmanuel Nimoh\VirtualBox VMs\Kali\Kali.vbox" with version "1.19-windows"
01:13:08.984455          Finished saving settings file "C:\Users\Emmanuel Nimoh\VirtualBox VMs\Kali\Kali.vbox"
01:13:08.996017          ERROR [COM]: aRC=VBOX_E_OBJECT_NOT_FOUND (0x80bb0001) aIID={5bfd8965-b81b-469f-8649-f717ce97a5d5} aComponent={NvramStoreWrap} aText={The UEFI NVRAM file is not existing for this machine}, preserve=false aResultDetail=0
01:13:09.001295          ERROR [COM]: aRC=VBOX_E_INVALID_VM_STATE (0x80bb0002) aIID={e36a5081-a82a-40bd-9e4e-42a44d6ce50f} aComponent={MachineWrap} aText={The machine is not mutable, saved or running (state is Running)}, preserve=false aResultDetail=0
01:13:10.821157          Saving settings file "C:\Users\Emmanuel Nimoh\VirtualBox VMs\Kali\Kali.vbox" with version "1.19-windows"
01:13:10.826466          Finished saving settings file "C:\Users\Emmanuel Nimoh\VirtualBox VMs\Kali\Kali.vbox"
01:13:10.831112          ERROR [COM]: aRC=VBOX_E_OBJECT_NOT_FOUND (0x80bb0001) aIID={5bfd8965-b81b-469f-8649-f717ce97a5d5} aComponent={NvramStoreWrap} aText={The UEFI NVRAM file is not existing for this machine}, preserve=false aResultDetail=0
01:13:10.837465          ERROR [COM]: aRC=VBOX_E_INVALID_VM_STATE (0x80bb0002) aIID={e36a5081-a82a-40bd-9e4e-42a44d6ce50f} aComponent={MachineWrap} aText={The machine is not mutable, saved or running (state is Running)}, preserve=false aResultDetail=0
01:13:15.525614          Saving settings file "C:\Users\Emmanuel Nimoh\VirtualBox VMs\Kali\Kali.vbox" with version "1.19-windows"
01:13:15.532204          Finished saving settings file "C:\Users\Emmanuel Nimoh\VirtualBox VMs\Kali\Kali.vbox"
01:13:15.536896          ERROR [COM]: aRC=VBOX_E_OBJECT_NOT_FOUND (0x80bb0001) aIID={5bfd8965-b81b-469f-8649-f717ce97a5d5} aComponent={NvramStoreWrap} aText={The UEFI NVRAM file is not existing for this machine}, preserve=false aResultDetail=0
01:13:15.542724          ERROR [COM]: aRC=VBOX_E_INVALID_VM_STATE (0x80bb0002) aIID={e36a5081-a82a-40bd-9e4e-42a44d6ce50f} aComponent={MachineWrap} aText={The machine is not mutable, saved or running (state is Running)}, preserve=false aResultDetail=0
01:18:05.285124          Saving settings file "C:\Users\Emmanuel Nimoh\VirtualBox VMs\Kali\Kali.vbox" with version "1.19-windows"
01:18:05.290323          Finished saving settings file "C:\Users\Emmanuel Nimoh\VirtualBox VMs\Kali\Kali.vbox"
01:18:05.302551          ERROR [COM]: aRC=VBOX_E_OBJECT_NOT_FOUND (0x80bb0001) aIID={5bfd8965-b81b-469f-8649-f717ce97a5d5} aComponent={NvramStoreWrap} aText={The UEFI NVRAM file is not existing for this machine}, preserve=false aResultDetail=0
01:18:05.319596          ERROR [COM]: aRC=VBOX_E_INVALID_VM_STATE (0x80bb0002) aIID={e36a5081-a82a-40bd-9e4e-42a44d6ce50f} aComponent={MachineWrap} aText={The machine is not mutable, saved or running (state is Running)}, preserve=false aResultDetail=0
01:18:08.430508          ERROR [COM]: aRC=E_FAIL (0x80004005) aIID={83cfdc66-4f20-4569-ad39-8722f7d472b3} aComponent={RecordingSettingsWrap} aText={Recording not started}, preserve=false aResultDetail=0
01:18:08.482316          Saving settings file "C:\Users\Emmanuel Nimoh\VirtualBox VMs\Kali\Kali.vbox" with version "1.19-windows"
01:18:08.486778          Finished saving settings file "C:\Users\Emmanuel Nimoh\VirtualBox VMs\Kali\Kali.vbox"
01:18:08.497444          ERROR [COM]: aRC=VBOX_E_OBJECT_NOT_FOUND (0x80bb0001) aIID={5bfd8965-b81b-469f-8649-f717ce97a5d5} aComponent={NvramStoreWrap} aText={The UEFI NVRAM file is not existing for this machine}, preserve=false aResultDetail=0
01:18:08.505340          ERROR [COM]: aRC=VBOX_E_INVALID_VM_STATE (0x80bb0002) aIID={e36a5081-a82a-40bd-9e4e-42a44d6ce50f} aComponent={MachineWrap} aText={The machine is not mutable, saved or running (state is Running)}, preserve=false aResultDetail=0
01:32:38.557552          Saving settings file "C:\Users\Emmanuel Nimoh\VirtualBox VMs\Kali\Kali.vbox" with version "1.19-windows"
01:32:38.562218          Finished saving settings file "C:\Users\Emmanuel Nimoh\VirtualBox VMs\Kali\Kali.vbox"
01:32:38.571492          ERROR [COM]: aRC=VBOX_E_OBJECT_NOT_FOUND (0x80bb0001) aIID={5bfd8965-b81b-469f-8649-f717ce97a5d5} aComponent={NvramStoreWrap} aText={The UEFI NVRAM file is not existing for this machine}, preserve=false aResultDetail=0
01:32:38.577681          ERROR [COM]: aRC=VBOX_E_INVALID_VM_STATE (0x80bb0002) aIID={e36a5081-a82a-40bd-9e4e-42a44d6ce50f} aComponent={MachineWrap} aText={The machine is not mutable, saved or running (state is Running)}, preserve=false aResultDetail=0
01:42:46.165513          ERROR [COM]: aRC=VBOX_E_OBJECT_NOT_FOUND (0x80bb0001) aIID={5bfd8965-b81b-469f-8649-f717ce97a5d5} aComponent={NvramStoreWrap} aText={The UEFI NVRAM file is not existing for this machine}, preserve=false aResultDetail=0
01:42:46.173517          ERROR [COM]: aRC=VBOX_E_INVALID_VM_STATE (0x80bb0002) aIID={e36a5081-a82a-40bd-9e4e-42a44d6ce50f} aComponent={MachineWrap} aText={The machine is not mutable, saved or running (state is Paused)}, preserve=false aResultDetail=0
01:42:46.173650          ERROR [COM]: aRC=E_FAIL (0x80004005) aIID={83cfdc66-4f20-4569-ad39-8722f7d472b3} aComponent={RecordingSettingsWrap} aText={Recording not started}, preserve=false aResultDetail=0
01:42:48.523512          Saving settings file "C:\Users\Emmanuel Nimoh\VirtualBox VMs\Kali\Kali.vbox" with version "1.19-windows"
01:42:48.528967          Finished saving settings file "C:\Users\Emmanuel Nimoh\VirtualBox VMs\Kali\Kali.vbox"
01:42:48.540247          ERROR [COM]: aRC=VBOX_E_OBJECT_NOT_FOUND (0x80bb0001) aIID={5bfd8965-b81b-469f-8649-f717ce97a5d5} aComponent={NvramStoreWrap} aText={The UEFI NVRAM file is not existing for this machine}, preserve=false aResultDetail=0
01:42:48.554042          ERROR [COM]: aRC=E_FAIL (0x80004005) aIID={83cfdc66-4f20-4569-ad39-8722f7d472b3} aComponent={RecordingSettingsWrap} aText={Recording not started}, preserve=false aResultDetail=0
01:42:48.573914          ERROR [COM]: aRC=VBOX_E_OBJECT_NOT_FOUND (0x80bb0001) aIID={5bfd8965-b81b-469f-8649-f717ce97a5d5} aComponent={NvramStoreWrap} aText={The UEFI NVRAM file is not existing for this machine}, preserve=false aResultDetail=0
01:42:48.583870          ERROR [COM]: aRC=VBOX_E_INVALID_VM_STATE (0x80bb0002) aIID={e36a5081-a82a-40bd-9e4e-42a44d6ce50f} aComponent={MachineWrap} aText={The machine is not mutable, saved or running (state is Saving)}, preserve=false aResultDetail=0
01:42:49.833539          Saving settings file "C:\Users\Emmanuel Nimoh\VirtualBox VMs\Kali\Kali.vbox" with version "1.19-windows"
01:42:49.837579          Finished saving settings file "C:\Users\Emmanuel Nimoh\VirtualBox VMs\Kali\Kali.vbox"
01:42:49.842409          ERROR [COM]: aRC=VBOX_E_IPRT_ERROR (0x80bb0005) aIID={e36a5081-a82a-40bd-9e4e-42a44d6ce50f} aComponent={MachineWrap} aText={Saved screenshot thumbnail data is not available (VERR_NOT_SUPPORTED)}, preserve=false aResultDetail=-37
01:42:49.843745 SaveState Saving settings file "C:\Users\Emmanuel Nimoh\VirtualBox VMs\Kali\Kali.vbox" with version "1.19-windows"
01:42:49.847504 SaveState Finished saving settings file "C:\Users\Emmanuel Nimoh\VirtualBox VMs\Kali\Kali.vbox"
01:42:49.856356          ERROR [COM]: aRC=E_FAIL (0x80004005) aIID={83cfdc66-4f20-4569-ad39-8722f7d472b3} aComponent={RecordingSettingsWrap} aText={Recording not started}, preserve=false aResultDetail=0
01:42:49.859443          ERROR [COM]: aRC=E_INVALIDARG (0x80070057) aIID={e36a5081-a82a-40bd-9e4e-42a44d6ce50f} aComponent={SessionMachine} aText={Properties with TRANSIENT or TRANSRESET flag cannot be set or modified if VM is not running}, preserve=false aResultDetail=0
01:42:49.883264          ERROR [COM]: aRC=VBOX_E_OBJECT_NOT_FOUND (0x80bb0001) aIID={5bfd8965-b81b-469f-8649-f717ce97a5d5} aComponent={NvramStoreWrap} aText={The UEFI NVRAM file is not existing for this machine}, preserve=false aResultDetail=0
01:42:49.930505          ERROR [COM]: aRC=VBOX_E_INVALID_VM_STATE (0x80bb0002) aIID={e36a5081-a82a-40bd-9e4e-42a44d6ce50f} aComponent={MachineWrap} aText={The machine is not mutable, saved or running (state is Saved)}, preserve=false aResultDetail=0
01:42:50.844287          ERROR [COM]: aRC=VBOX_E_OBJECT_NOT_FOUND (0x80bb0001) aIID={5bfd8965-b81b-469f-8649-f717ce97a5d5} aComponent={NvramStoreWrap} aText={The UEFI NVRAM file is not existing for this machine}, preserve=false aResultDetail=0
01:42:50.854281          ERROR [COM]: aRC=VBOX_E_INVALID_VM_STATE (0x80bb0002) aIID={e36a5081-a82a-40bd-9e4e-42a44d6ce50f} aComponent={MachineWrap} aText={The machine is not mutable, saved or running (state is Saved)}, preserve=false aResultDetail=0
01:43:13.918767          Platform architecture set to 'x86'
01:43:13.921287          ERROR [COM]: aRC=VBOX_E_OBJECT_NOT_FOUND (0x80bb0001) aIID={5bfd8965-b81b-469f-8649-f717ce97a5d5} aComponent={NvramStoreWrap} aText={The UEFI NVRAM file is not existing for this machine}, preserve=false aResultDetail=0
01:43:14.095558          ERROR [COM]: aRC=VBOX_E_OBJECT_NOT_FOUND (0x80bb0001) aIID={5bfd8965-b81b-469f-8649-f717ce97a5d5} aComponent={NvramStoreWrap} aText={The UEFI NVRAM file is not existing for this machine}, preserve=false aResultDetail=0
01:43:14.106767          ERROR [COM]: aRC=VBOX_E_INVALID_VM_STATE (0x80bb0002) aIID={e36a5081-a82a-40bd-9e4e-42a44d6ce50f} aComponent={MachineWrap} aText={The machine is not mutable, saved or running (state is Saved)}, preserve=false aResultDetail=0
01:43:52.464358          Platform architecture set to 'x86'
01:43:52.491928          Saving settings file "C:\Users\Emmanuel Nimoh\VirtualBox VMs\Kali\Kali.vbox" with version "1.19-windows"
01:43:52.497111          Finished saving settings file "C:\Users\Emmanuel Nimoh\VirtualBox VMs\Kali\Kali.vbox"
01:43:52.521760          ERROR [COM]: aRC=VBOX_E_OBJECT_NOT_FOUND (0x80bb0001) aIID={5bfd8965-b81b-469f-8649-f717ce97a5d5} aComponent={NvramStoreWrap} aText={The UEFI NVRAM file is not existing for this machine}, preserve=false aResultDetail=0
01:43:52.530609          ERROR [COM]: aRC=VBOX_E_INVALID_VM_STATE (0x80bb0002) aIID={e36a5081-a82a-40bd-9e4e-42a44d6ce50f} aComponent={MachineWrap} aText={The machine is not mutable, saved or running (state is Saved)}, preserve=false aResultDetail=0
01:44:01.610266          Platform architecture set to 'x86'
01:44:01.611505          Saving settings file "C:\Users\Emmanuel Nimoh\VirtualBox VMs\Kali\Kali.vbox" with version "1.19-windows"
01:44:01.617011          Finished saving settings file "C:\Users\Emmanuel Nimoh\VirtualBox VMs\Kali\Kali.vbox"
01:44:01.627599          ERROR [COM]: aRC=VBOX_E_OBJECT_NOT_FOUND (0x80bb0001) aIID={5bfd8965-b81b-469f-8649-f717ce97a5d5} aComponent={NvramStoreWrap} aText={The UEFI NVRAM file is not existing for this machine}, preserve=false aResultDetail=0
01:44:01.635888          ERROR [COM]: aRC=VBOX_E_INVALID_VM_STATE (0x80bb0002) aIID={e36a5081-a82a-40bd-9e4e-42a44d6ce50f} aComponent={MachineWrap} aText={The machine is not mutable, saved or running (state is Saved)}, preserve=false aResultDetail=0
01:46:19.654041          Launched VM: 3507128080 pid: 9724 (0x25fc) frontend: GUI/Qt name: Kali
01:46:19.659710          ERROR [COM]: aRC=VBOX_E_OBJECT_NOT_FOUND (0x80bb0001) aIID={5bfd8965-b81b-469f-8649-f717ce97a5d5} aComponent={NvramStoreWrap} aText={The UEFI NVRAM file is not existing for this machine}, preserve=false aResultDetail=0
01:46:19.669340          ERROR [COM]: aRC=VBOX_E_INVALID_VM_STATE (0x80bb0002) aIID={e36a5081-a82a-40bd-9e4e-42a44d6ce50f} aComponent={MachineWrap} aText={The machine is not mutable, saved or running (state is Saved)}, preserve=false aResultDetail=0
01:46:23.312875          Platform architecture set to 'x86'
01:46:23.409010          ERROR [COM]: aRC=VBOX_E_OBJECT_NOT_FOUND (0x80bb0001) aIID={5bfd8965-b81b-469f-8649-f717ce97a5d5} aComponent={NvramStoreWrap} aText={The UEFI NVRAM file is not existing for this machine}, preserve=false aResultDetail=0
01:46:23.417930          ERROR [COM]: aRC=VBOX_E_INVALID_VM_STATE (0x80bb0002) aIID={e36a5081-a82a-40bd-9e4e-42a44d6ce50f} aComponent={MachineWrap} aText={The machine is not mutable, saved or running (state is Saved)}, preserve=false aResultDetail=0
01:46:23.846751          Load [C:\Program Files\Oracle\VirtualBox\ExtensionPacks\Oracle_VirtualBox_Extension_Pack\win.amd64\VBoxHostWebcam.DLL] vrc=VINF_SUCCESS
01:46:24.047898          ERROR [COM]: aRC=E_FAIL (0x80004005) aIID={83cfdc66-4f20-4569-ad39-8722f7d472b3} aComponent={RecordingSettingsWrap} aText={Recording not started}, preserve=false aResultDetail=0
01:46:24.980529          VM 'Kali' starts using NAT network 'NatNetwork'
01:46:24.980655          Saving settings file "C:\Users\Emmanuel Nimoh\.VirtualBox\VirtualBox.xml" with version "1.14-windows"
01:46:24.986039          Finished saving settings file "C:\Users\Emmanuel Nimoh\.VirtualBox\VirtualBox.xml"
01:46:24.986175          Saving settings file "C:\Users\Emmanuel Nimoh\.VirtualBox\VirtualBox.xml" with version "1.14-windows"
01:46:24.989737          Finished saving settings file "C:\Users\Emmanuel Nimoh\.VirtualBox\VirtualBox.xml"
01:46:24.989856          Saving settings file "C:\Users\Emmanuel Nimoh\.VirtualBox\VirtualBox.xml" with version "1.14-windows"
01:46:24.993378          Finished saving settings file "C:\Users\Emmanuel Nimoh\.VirtualBox\VirtualBox.xml"
01:46:24.993502          Saving settings file "C:\Users\Emmanuel Nimoh\.VirtualBox\VirtualBox.xml" with version "1.14-windows"
01:46:24.996839          Finished saving settings file "C:\Users\Emmanuel Nimoh\.VirtualBox\VirtualBox.xml"
01:46:24.997023          Saving settings file "C:\Users\Emmanuel Nimoh\.VirtualBox\VirtualBox.xml" with version "1.14-windows"
01:46:25.000518          Finished saving settings file "C:\Users\Emmanuel Nimoh\.VirtualBox\VirtualBox.xml"
01:46:25.000545          HostDnsMonitorProxy::GetDomainName: no domain set
01:46:25.000569          ERROR [COM]: aRC=VBOX_E_OBJECT_NOT_FOUND (0x80bb0001) aIID={46735de7-f4c4-4020-a185-0d2881bcfa8b} aComponent={DHCPGlobalConfigWrap} aText={DHCP option 15 was not found}, preserve=false aResultDetail=0
01:46:25.000586          HostDnsMonitorProxy::GetNameServers:
01:46:25.000588            name server 1: 216.68.4.10
01:46:25.000591            name server 2: 216.68.5.10
01:46:25.000694          Saving settings file "C:\Users\Emmanuel Nimoh\.VirtualBox\VirtualBox.xml" with version "1.14-windows"
01:46:25.004230          Finished saving settings file "C:\Users\Emmanuel Nimoh\.VirtualBox\VirtualBox.xml"
01:46:25.004353          Saving settings file "C:\Users\Emmanuel Nimoh\.VirtualBox\VirtualBox.xml" with version "1.14-windows"
01:46:25.008002          Finished saving settings file "C:\Users\Emmanuel Nimoh\.VirtualBox\VirtualBox.xml"
01:46:25.011477          NetworkServiceRunning: started 'VBoxNetDHCP.exe', pid 00002ce0
01:46:25.016880          NetworkServiceRunning: started 'VBoxNetNAT.exe', pid 000025b0
01:46:25.016933          Started NAT network 'NatNetwork'
01:46:25.066549          ERROR [COM]: aRC=VBOX_E_OBJECT_NOT_FOUND (0x80bb0001) aIID={5bfd8965-b81b-469f-8649-f717ce97a5d5} aComponent={NvramStoreWrap} aText={The UEFI NVRAM file is not existing for this machine}, preserve=false aResultDetail=0
01:46:25.084716          ERROR [COM]: aRC=VBOX_E_INVALID_VM_STATE (0x80bb0002) aIID={e36a5081-a82a-40bd-9e4e-42a44d6ce50f} aComponent={MachineWrap} aText={The machine is not mutable, saved or running (state is Restoring)}, preserve=false aResultDetail=0
01:46:25.181842          ERROR [COM]: aRC=VBOX_E_OBJECT_IN_USE (0x80bb000c) aIID={cadef0a2-a1a9-4ac2-8e80-c049af69dac8} aComponent={DHCPServerWrap} aText={Cannot start DHCP server because it is already running (pid 00002d88)}, preserve=false aResultDetail=-51
01:46:25.210295          ERROR [COM]: aRC=E_FAIL (0x80004005) aIID={83cfdc66-4f20-4569-ad39-8722f7d472b3} aComponent={RecordingSettingsWrap} aText={Recording not started}, preserve=false aResultDetail=0
01:46:25.797319          ERROR [COM]: aRC=VBOX_E_OBJECT_NOT_FOUND (0x80bb0001) aIID={7d510820-a678-4730-a862-818dcd3fbed0} aComponent={MediumWrap} aText={Property 'CRYPT/KeyId' does not exist}, preserve=false aResultDetail=0
01:46:25.797910          HostDnsMonitorProxy::GetDomainName: no domain set
01:46:25.797953          HostDnsMonitorProxy::GetNameServers:
01:46:25.797959            name server 1: 216.68.4.10
01:46:25.797966            name server 2: 216.68.5.10
01:46:25.798013          HostDnsMonitorProxy::GetSearchStrings:
01:46:25.798021            no search string entries
01:46:27.461776          Saving settings file "C:\Users\Emmanuel Nimoh\VirtualBox VMs\Kali\Kali.vbox" with version "1.19-windows"
01:46:27.467558          Finished saving settings file "C:\Users\Emmanuel Nimoh\VirtualBox VMs\Kali\Kali.vbox"
01:46:27.492306          ERROR [COM]: aRC=E_FAIL (0x80004005) aIID={83cfdc66-4f20-4569-ad39-8722f7d472b3} aComponent={RecordingSettingsWrap} aText={Recording not started}, preserve=false aResultDetail=0
01:46:27.514267          ERROR [COM]: aRC=VBOX_E_OBJECT_NOT_FOUND (0x80bb0001) aIID={5bfd8965-b81b-469f-8649-f717ce97a5d5} aComponent={NvramStoreWrap} aText={The UEFI NVRAM file is not existing for this machine}, preserve=false aResultDetail=0
01:46:27.531662          ERROR [COM]: aRC=VBOX_E_INVALID_VM_STATE (0x80bb0002) aIID={e36a5081-a82a-40bd-9e4e-42a44d6ce50f} aComponent={MachineWrap} aText={The machine is not mutable, saved or running (state is Running)}, preserve=false aResultDetail=0
01:46:27.614102          HostDnsMonitorProxy::GetNameServers:
01:46:27.614117            name server 1: 216.68.4.10
01:46:27.614121            name server 2: 216.68.5.10
02:12:56.445898 dns-monitor HostDnsMonitor: updating information
02:12:56.445958 dns-monitor HostDnsMonitor: unchanged
02:13:06.072607 dns-monitor HostDnsMonitor: updating information
02:13:06.072626 dns-monitor HostDnsMonitor: unchanged
03:12:56.447805 dns-monitor HostDnsMonitor: updating information
03:12:56.447873 dns-monitor HostDnsMonitor: unchanged
03:18:44.349832 dns-monitor HostDnsMonitor: updating information
03:18:44.349898 dns-monitor HostDnsMonitor: unchanged
04:12:56.446674 dns-monitor HostDnsMonitor: updating information
04:12:56.446714 dns-monitor HostDnsMonitor: unchanged
05:12:56.447935 dns-monitor HostDnsMonitor: updating information
05:12:56.448035 dns-monitor HostDnsMonitor: unchanged
05:18:44.419677 dns-monitor HostDnsMonitor: updating information
05:18:44.419703 dns-monitor HostDnsMonitor: unchanged
05:24:50.904007 USBPROXY usbLibGetDevices: Starting USB device enumeration
05:24:50.921154 USBPROXY usbLibGetDevices: Found 4 USB devices, 0 captured
06:12:56.448177 dns-monitor HostDnsMonitor: updating information
06:12:56.448240 dns-monitor HostDnsMonitor: unchanged
07:12:56.450989 dns-monitor HostDnsMonitor: updating information
07:12:56.451069 dns-monitor HostDnsMonitor: unchanged
07:18:44.465808 dns-monitor HostDnsMonitor: updating information
07:18:44.465839 dns-monitor HostDnsMonitor: unchanged
08:12:56.449947 dns-monitor HostDnsMonitor: updating information
08:12:56.450028 dns-monitor HostDnsMonitor: unchanged
09:12:56.450232 dns-monitor HostDnsMonitor: updating information
09:12:56.450318 dns-monitor HostDnsMonitor: unchanged
09:18:44.508541 dns-monitor HostDnsMonitor: updating information
09:18:44.508569 dns-monitor HostDnsMonitor: unchanged
10:00:20.913276          ERROR [COM]: aRC=E_FAIL (0x80004005) aIID={e36a5081-a82a-40bd-9e4e-42a44d6ce50f} aComponent={SessionMachine} aText={This machine does not have any snapshots}, preserve=false aResultDetail=0
10:00:24.475892 TakeSnap Taking snapshot Snapshot 1
10:00:24.476449 TakeSnap Saving settings file "C:\Users\Emmanuel Nimoh\VirtualBox VMs\Kali\Kali.vbox" with version "1.19-windows"
10:00:24.480937 TakeSnap Finished saving settings file "C:\Users\Emmanuel Nimoh\VirtualBox VMs\Kali\Kali.vbox"
10:00:24.481256 TakeSnap Platform architecture set to 'x86'
10:00:24.491293          ERROR [COM]: aRC=E_FAIL (0x80004005) aIID={83cfdc66-4f20-4569-ad39-8722f7d472b3} aComponent={RecordingSettingsWrap} aText={Recording not started}, preserve=false aResultDetail=0
10:00:24.496781          ERROR [COM]: aRC=E_FAIL (0x80004005) aIID={e36a5081-a82a-40bd-9e4e-42a44d6ce50f} aComponent={MachineWrap} aText={This machine does not have any snapshots}, preserve=false aResultDetail=0
10:00:24.514804          ERROR [COM]: aRC=E_FAIL (0x80004005) aIID={e36a5081-a82a-40bd-9e4e-42a44d6ce50f} aComponent={MachineWrap} aText={This machine does not have any snapshots}, preserve=false aResultDetail=0
10:00:24.555785          ERROR [COM]: aRC=VBOX_E_OBJECT_NOT_FOUND (0x80bb0001) aIID={5bfd8965-b81b-469f-8649-f717ce97a5d5} aComponent={NvramStoreWrap} aText={The UEFI NVRAM file is not existing for this machine}, preserve=false aResultDetail=0
10:00:24.565768          ERROR [COM]: aRC=VBOX_E_INVALID_VM_STATE (0x80bb0002) aIID={e36a5081-a82a-40bd-9e4e-42a44d6ce50f} aComponent={MachineWrap} aText={The machine is not mutable, saved or running (state is OnlineSnapshotting)}, preserve=false aResultDetail=0
10:00:26.497281 TakeSnap Saving settings file "C:\Users\Emmanuel Nimoh\VirtualBox VMs\Kali\Kali.vbox" with version "1.19-windows"
10:00:26.501438 TakeSnap Finished saving settings file "C:\Users\Emmanuel Nimoh\VirtualBox VMs\Kali\Kali.vbox"
10:00:26.501946 TakeSnap Saving settings file "C:\Users\Emmanuel Nimoh\VirtualBox VMs\Kali\Kali.vbox" with version "1.19-windows"
10:00:26.505195 TakeSnap Finished saving settings file "C:\Users\Emmanuel Nimoh\VirtualBox VMs\Kali\Kali.vbox"
10:00:26.506527 TakeSnap Finished taking snapshot Snapshot 1
10:00:26.524365          ERROR [COM]: aRC=E_FAIL (0x80004005) aIID={83cfdc66-4f20-4569-ad39-8722f7d472b3} aComponent={RecordingSettingsWrap} aText={Recording not started}, preserve=false aResultDetail=0
10:00:26.581673          ERROR [COM]: aRC=VBOX_E_OBJECT_NOT_FOUND (0x80bb0001) aIID={5bfd8965-b81b-469f-8649-f717ce97a5d5} aComponent={NvramStoreWrap} aText={The UEFI NVRAM file is not existing for this machine}, preserve=false aResultDetail=0
10:00:26.594808          ERROR [COM]: aRC=VBOX_E_INVALID_VM_STATE (0x80bb0002) aIID={e36a5081-a82a-40bd-9e4e-42a44d6ce50f} aComponent={MachineWrap} aText={The machine is not mutable, saved or running (state is Running)}, preserve=false aResultDetail=0
10:00:42.803936          ERROR [COM]: aRC=VBOX_E_OBJECT_NOT_FOUND (0x80bb0001) aIID={5bfd8965-b81b-469f-8649-f717ce97a5d5} aComponent={NvramStoreWrap} aText={The UEFI NVRAM file is not existing for this machine}, preserve=false aResultDetail=0
10:00:42.811894          ERROR [COM]: aRC=VBOX_E_INVALID_VM_STATE (0x80bb0002) aIID={e36a5081-a82a-40bd-9e4e-42a44d6ce50f} aComponent={MachineWrap} aText={The machine is not mutable, saved or running (state is Paused)}, preserve=false aResultDetail=0
10:00:42.816509          ERROR [COM]: aRC=E_FAIL (0x80004005) aIID={83cfdc66-4f20-4569-ad39-8722f7d472b3} aComponent={RecordingSettingsWrap} aText={Recording not started}, preserve=false aResultDetail=0
10:00:45.447231          ERROR [COM]: aRC=E_FAIL (0x80004005) aIID={83cfdc66-4f20-4569-ad39-8722f7d472b3} aComponent={RecordingSettingsWrap} aText={Recording not started}, preserve=false aResultDetail=0
10:00:45.464428          ERROR [COM]: aRC=VBOX_E_OBJECT_NOT_FOUND (0x80bb0001) aIID={5bfd8965-b81b-469f-8649-f717ce97a5d5} aComponent={NvramStoreWrap} aText={The UEFI NVRAM file is not existing for this machine}, preserve=false aResultDetail=0
10:00:45.474305          ERROR [COM]: aRC=VBOX_E_INVALID_VM_STATE (0x80bb0002) aIID={e36a5081-a82a-40bd-9e4e-42a44d6ce50f} aComponent={MachineWrap} aText={The machine is not mutable, saved or running (state is Saving)}, preserve=false aResultDetail=0
10:00:46.749735          Saving settings file "C:\Users\Emmanuel Nimoh\VirtualBox VMs\Kali\Kali.vbox" with version "1.19-windows"
10:00:46.753822          Finished saving settings file "C:\Users\Emmanuel Nimoh\VirtualBox VMs\Kali\Kali.vbox"
10:00:46.759528          ERROR [COM]: aRC=VBOX_E_IPRT_ERROR (0x80bb0005) aIID={e36a5081-a82a-40bd-9e4e-42a44d6ce50f} aComponent={MachineWrap} aText={Saved screenshot thumbnail data is not available (VERR_NOT_SUPPORTED)}, preserve=false aResultDetail=-37
10:00:46.760426 SaveState Saving settings file "C:\Users\Emmanuel Nimoh\VirtualBox VMs\Kali\Kali.vbox" with version "1.19-windows"
10:00:46.763523 SaveState Finished saving settings file "C:\Users\Emmanuel Nimoh\VirtualBox VMs\Kali\Kali.vbox"
10:00:46.771321          ERROR [COM]: aRC=E_FAIL (0x80004005) aIID={83cfdc66-4f20-4569-ad39-8722f7d472b3} aComponent={RecordingSettingsWrap} aText={Recording not started}, preserve=false aResultDetail=0
10:00:46.775638          ERROR [COM]: aRC=E_INVALIDARG (0x80070057) aIID={e36a5081-a82a-40bd-9e4e-42a44d6ce50f} aComponent={SessionMachine} aText={Properties with TRANSIENT or TRANSRESET flag cannot be set or modified if VM is not running}, preserve=false aResultDetail=0
10:00:46.814139          ERROR [COM]: aRC=VBOX_E_OBJECT_NOT_FOUND (0x80bb0001) aIID={5bfd8965-b81b-469f-8649-f717ce97a5d5} aComponent={NvramStoreWrap} aText={The UEFI NVRAM file is not existing for this machine}, preserve=false aResultDetail=0
10:00:46.861190          ERROR [COM]: aRC=VBOX_E_INVALID_VM_STATE (0x80bb0002) aIID={e36a5081-a82a-40bd-9e4e-42a44d6ce50f} aComponent={MachineWrap} aText={The machine is not mutable, saved or running (state is Saved)}, preserve=false aResultDetail=0
10:00:47.754477 Watcher  VM 'Kali' stops using NAT network 'NatNetwork'
10:00:47.756870 Watcher  NetworkServiceRunning: killing VBoxNetDHCP.exe, pid 00002ce0...
10:00:47.780276 Watcher  NetworkServiceRunning: VBoxNetNAT.exe (pid 000025b0) stopped: iStatus=0 enmReason=1
10:00:47.780314 Watcher  Stopped NAT network 'NatNetwork'
10:00:47.788549          ERROR [COM]: aRC=VBOX_E_OBJECT_NOT_FOUND (0x80bb0001) aIID={5bfd8965-b81b-469f-8649-f717ce97a5d5} aComponent={NvramStoreWrap} aText={The UEFI NVRAM file is not existing for this machine}, preserve=false aResultDetail=0
10:00:47.799006          ERROR [COM]: aRC=VBOX_E_INVALID_VM_STATE (0x80bb0002) aIID={e36a5081-a82a-40bd-9e4e-42a44d6ce50f} aComponent={MachineWrap} aText={The machine is not mutable, saved or running (state is Saved)}, preserve=false aResultDetail=0
10:00:57.766239 main     WM_QUERYENDSESSION: shutdown (0x00000000)
10:00:57.766274 main     VBoxSvc has active connections: bActivity = false, lock count = 2
10:00:57.775442          Saving settings file "C:\Users\Emmanuel Nimoh\.VirtualBox\VirtualBox.xml" with version "1.14-windows"
10:00:57.780266          Finished saving settings file "C:\Users\Emmanuel Nimoh\.VirtualBox\VirtualBox.xml"
10:01:07.744373 main     WM_ENDSESSION: critical (TRUE/0x40000000)
